[2025-10-19 20:28:37] [INFO] Erro ao alternar conta: Não foi possível alternar entre contas
[2025-10-19 20:31:54] [INFO] Erro ao alternar conta: Não foi possível alternar entre contas
[2025-10-19 20:44:52] [INFO] Erro ao alternar conta: Não foi possível alternar entre contas
[2025-10-19 20:44:54] [INFO] Erro ao alternar conta: Não foi possível alternar entre contas
[2025-10-19 20:44:57] [INFO] Erro ao alternar conta: Não foi possível alternar entre contas
[2025-10-19 21:04:30] [INFO] Conta alternada para ID: 2
[2025-10-19 21:04:43] [INFO] Conta alternada para ID: 2
[2025-10-19 21:30:17] [INFO] Conta alternada para ID: 2
[2025-10-19 21:30:41] [INFO] Conta alternada para ID: 2
[2025-10-19 21:31:57] [INFO] Conta alternada para ID: 2
[2025-10-19 21:32:35] [INFO] Conta alternada para ID: 2
[2025-10-19 21:34:16] [INFO] Conta alternada para ID: 2
[2025-10-19 21:34:19] [INFO] Conta alternada para ID: 2
[2025-10-19 21:50:33] [INFO] Erro ao alternar conta: Não foi possível alternar entre contas
[2025-10-19 21:54:21] [INFO] Erro ao alternar conta: Não foi possível alternar entre contas
[2025-10-19 21:54:36] [INFO] Conta alternada para ID: 2
[2025-10-19 22:04:49] [INFO] Conta alternada para ID: 2
[2025-10-19 22:08:12] [INFO] Conta alternada para ID: 2
[2025-10-19 22:08:55] [INFO] Conta alternada para ID: 2
[2025-10-19 22:13:16] [INFO] Erro ao alternar conta: Não foi possível alternar entre contas
[2025-10-19 22:23:24] [INFO] Conta alternada para ID: 2/?XDEBUG_SESSION=VSCODE
[2025-10-19 22:23:30] [INFO] Conta alternada para ID: 2/?XDEBUG_SESSION=VSCODE
[2025-10-19 22:31:42] [INFO] Conta alternada para ID: 2/?XDEBUG_SESSION=VSCODE
[2025-10-19 22:31:50] [INFO] Conta alternada para ID: 2/?XDEBUG_SESSION=VSCODE
[2025-10-19 22:33:01] [INFO] Conta alternada para ID: 2/?XDEBUG_SESSION=VSCODE
[2025-10-19 22:33:18] [INFO] Conta alternada para ID: 2/?XDEBUG_SESSION=VSCODE
[2025-10-19 22:33:24] [INFO] Conta alternada para ID: 2/?XDEBUG_SESSION=VSCODE
[2025-10-19 22:33:59] [INFO] Conta alternada para ID: 2/?XDEBUG_SESSION=VSCODE
[2025-10-19 22:34:47] [INFO] Conta alternada para ID: 2
[2025-10-19 22:42:11] [INFO] Conta alternada para ID: 2/?XDEBUG_SESSION=VSCODE
[2025-10-19 22:47:48] [INFO] Nova conta criada: Dorothy Brisola
[2025-10-19 22:53:02] [INFO] Nova conta criada: Odete Roiteman
[2025-10-19 23:01:35] [INFO] Nova conta criada: TESTES EMANUEL
[2025-10-19 23:01:35] [INFO] Erro ao alternar conta: Não foi possível alternar entre contas
[2025-10-19 23:01:58] [INFO] Erro ao alternar conta: Não foi possível alternar entre contas
[2025-10-19 23:01:59] [INFO] Erro ao alternar conta: Não foi possível alternar entre contas
[2025-10-19 23:02:02] [INFO] Erro ao alternar conta: Não foi possível alternar entre contas
[2025-10-19 23:02:22] [INFO] Erro ao alternar conta: Não foi possível alternar entre contas
[2025-10-19 23:03:11] [INFO] Conta alternada para ID: 4
[2025-10-19 23:03:17] [INFO] Conta alternada para ID: 2
[2025-10-19 23:03:20] [INFO] Conta alternada para ID: 4
[2025-10-19 23:03:22] [INFO] Conta alternada para ID: 5
[2025-10-19 23:03:56] [INFO] Nova conta criada: LEUNAME DE OLIVEIRA
[2025-10-19 23:03:59] [INFO] Conta alternada para ID: 6
[2025-10-19 23:05:56] [INFO] Conta alternada para ID: 3
[2025-10-19 23:29:19] [INFO] Conta alternada para ID: 6
[2025-10-19 23:37:27] [INFO] Conta alternada para ID: 2
[2025-10-19 23:38:03] [INFO] Conta alternada para ID: 3
[2025-10-19 23:43:23] [INFO] Conta alternada para ID: 4
[2025-10-20 00:12:27] [INFO] Conta alternada para ID: 2
[2025-10-20 00:18:34] [INFO] Conta alternada para ID: 2
[2025-10-20 00:19:11] [INFO] Conta alternada para ID: 4
[2025-10-20 00:19:35] [INFO] Conta alternada para ID: 3
[2025-10-20 00:26:22] [INFO] Caixa carregado com 10 unidades de cada cédula e moeda.
[2025-10-20 00:34:38] [INFO] Caixa carregado com 10 unidades de cada cédula e moeda.
[2025-10-20 00:34:41] [INFO] Caixa descarregado completamente.
[2025-10-20 00:34:49] [INFO] Caixa carregado com 10 unidades de cada cédula e moeda.
[2025-10-20 00:45:46] [INFO] Caixa carregado com 10 unidades de cada cédula e moeda.
[2025-10-20 00:46:05] [INFO] Caixa descarregado completamente.
[2025-10-20 00:46:08] [INFO] Caixa carregado com 10 unidades de cada cédula e moeda.
[2025-10-20 00:46:21] [INFO] Caixa descarregado completamente.
[2025-10-20 00:46:24] [INFO] Caixa carregado com 10 unidades de cada cédula e moeda.
[2025-10-20 00:46:44] [INFO] Conta alternada para ID: 2
[2025-10-20 01:11:05] [INFO] Conta alternada para ID: 2
[2025-10-20 01:49:20] [INFO] Conta alternada para ID: 2
[2025-10-20 02:01:01] [INFO] Deposito de R$ 0.00 realizado com sucesso no caixa.
[2025-10-20 02:02:51] [INFO] Deposito de R$ 0.00 realizado com sucesso no caixa.
[2025-10-20 02:05:45] [INFO] Deposito de R$ 0.00 realizado com sucesso no caixa.
[2025-10-20 02:05:54] [INFO] Deposito de R$ 0.00 realizado com sucesso no caixa.
[2025-10-20 02:08:08] [INFO] Deposito de R$ 0.00 realizado com sucesso no caixa.
[2025-10-20 02:10:02] [INFO] Deposito de R$ 0.00 realizado com sucesso no caixa.
[2025-10-20 02:22:12] [INFO] Deposito de R$ 0.00 realizado com sucesso no caixa.
[2025-10-20 02:24:37] [INFO] Deposito de R$ 0.00 realizado com sucesso no caixa.
[2025-10-20 02:32:41] [INFO] Erro durante depósito na conta ID:2: Cédula de R$ 0.50 não é aceita
[2025-10-20 02:33:14] [INFO] Caixa descarregado completamente.
[2025-10-20 02:33:33] [INFO] Conta alternada para ID: 5
[2025-10-20 02:34:44] [INFO] Erro durante depósito na conta ID:5: Cédula de R$ 0.50 não é aceita
[2025-10-20 02:38:02] [INFO] Erro durante depósito na conta ID:5: Cédula de R$ 0.50 não é aceita
[2025-10-20 02:41:56] [INFO] Erro durante depósito na conta ID:5: Cédula de R$ 0.50 não é aceita
[2025-10-20 02:42:54] [INFO] Erro durante depósito na conta ID:5: Cédula de R$ 0.50 não é aceita
[2025-10-20 02:45:39] [INFO] Erro durante depósito na conta ID:5: Cédula de R$ 0.50 não é aceita
[2025-10-20 02:48:06] [INFO] Conta alternada para ID: 2
[2025-10-20 03:02:26] [INFO] Erro durante depósito na conta ID:2: Cédula de R$ 0.50 não é aceita
[2025-10-20 03:10:24] [INFO] Deposito de R$ 383.90 realizado com sucesso no caixa.
[2025-10-20 03:11:04] [INFO] Deposito de R$ 383.90 realizado com sucesso no caixa.
[2025-10-20 03:14:15] [INFO] Deposito de R$ 383.90 realizado com sucesso no caixa.
[2025-10-20 03:14:31] [INFO] Depósito de R$ 383.90 na conta ID:2 realizado com sucesso.
[2025-10-20 03:14:58] [INFO] Conta alternada para ID: 4
[2025-10-20 03:15:08] [INFO] Deposito de R$ 200.90 realizado com sucesso no caixa.
[2025-10-20 03:15:18] [INFO] Depósito de R$ 200.90 na conta ID:4 realizado com sucesso.
[2025-10-20 03:15:56] [INFO] Deposito de R$ 2.25 realizado com sucesso no caixa.
[2025-10-20 03:17:06] [INFO] Depósito de R$ 2.25 na conta ID:4 realizado com sucesso.
[2025-10-20 03:17:54] [INFO] Conta alternada para ID: 4
[2025-10-20 03:17:58] [INFO] Deposito de R$ 10.00 realizado com sucesso no caixa.
[2025-10-20 03:18:03] [INFO] Depósito de R$ 10.00 na conta ID:4 realizado com sucesso.
[2025-10-20 03:18:48] [INFO] Conta alternada para ID: 4
[2025-10-20 03:18:51] [INFO] Deposito de R$ 0.10 realizado com sucesso no caixa.
[2025-10-20 03:19:43] [INFO] Depósito de R$ 0.10 na conta ID:4 realizado com sucesso.
[2025-10-20 17:34:30] [INFO] Conta alternada para ID: 2
[2025-10-20 22:12:17] [INFO] Deposito de R$ 0.40 realizado com sucesso no caixa.
[2025-10-20 22:12:43] [INFO] Depósito de R$ 0.40 na conta ID:2 realizado com sucesso.
[2025-10-20 22:13:06] [INFO] Caixa descarregado completamente.
[2025-10-20 22:13:08] [INFO] Caixa carregado com 10 unidades de cada cédula e moeda.
[2025-10-20 22:13:14] [INFO] Caixa descarregado completamente.
[2025-10-20 22:13:22] [INFO] Conta alternada para ID: 2
[2025-10-20 22:13:36] [INFO] Deposito de R$ 0.40 realizado com sucesso no caixa.
[2025-10-20 22:15:40] [INFO] Depósito de R$ 0.40 na conta ID:2 realizado com sucesso.
[2025-10-20 22:15:59] [INFO] Caixa descarregado completamente.
[2025-10-20 22:16:06] [INFO] Conta alternada para ID: 2
[2025-10-20 22:16:13] [INFO] Deposito de R$ 0.80 realizado com sucesso no caixa.
[2025-10-20 22:18:04] [INFO] Depósito de R$ 0.80 na conta ID:2 realizado com sucesso.
[2025-10-20 22:18:41] [INFO] Caixa descarregado completamente.
[2025-10-20 22:18:44] [INFO] Conta alternada para ID: 2
[2025-10-20 22:18:52] [INFO] Deposito de R$ 0.90 realizado com sucesso no caixa.
[2025-10-20 22:23:05] [INFO] Depósito de R$ 0.90 na conta ID:2 realizado com sucesso.
[2025-10-20 22:27:12] [INFO] Deposito de R$ 0.40 realizado com sucesso no caixa.
[2025-10-20 22:27:43] [INFO] Depósito de R$ 0.40 na conta ID:2 realizado com sucesso.
[2025-10-20 22:27:50] [INFO] Deposito de R$ 0.05 realizado com sucesso no caixa.
[2025-10-20 22:27:52] [INFO] Depósito de R$ 0.05 na conta ID:2 realizado com sucesso.
[2025-10-20 22:33:09] [INFO] Caixa descarregado completamente.
[2025-10-20 22:39:29] [INFO] Conta alternada para ID: 2
[2025-10-20 22:45:31] [INFO] Caixa carregado com 10 unidades de cada cédula e moeda.
[2025-10-20 22:45:34] [INFO] Caixa descarregado completamente.
[2025-10-20 22:45:54] [INFO] Caixa carregado com 10 unidades de cada cédula e moeda.
[2025-10-20 22:45:57] [INFO] Caixa descarregado completamente.
[2025-10-20 22:47:05] [INFO] Caixa carregado com 10 unidades de cada cédula e moeda.
[2025-10-20 22:47:18] [INFO] Caixa descarregado completamente.
[2025-10-20 22:57:11] [INFO] Caixa carregado com 10 unidades de cada cédula e moeda.
[2025-10-20 22:57:42] [INFO] Nova conta criada: Lara Regina
[2025-10-20 22:57:55] [INFO] Conta alternada para ID: 7
[2025-10-20 22:58:06] [INFO] Deposito de R$ 0.40 realizado com sucesso no caixa.
[2025-10-20 22:58:06] [INFO] Depósito de R$ 0.40 na conta ID:7 realizado com sucesso.
